BINDIR = /usr/pgsql-custom/bin
DOCDIR = /usr/pgsql-custom/doc
HTMLDIR = /usr/pgsql-custom/doc/html
INCLUDEDIR = /usr/pgsql-custom/include
PKGINCLUDEDIR = /usr/pgsql-custom/include
INCLUDEDIR-SERVER = /usr/pgsql-custom/include/server
LIBDIR = /usr/pgsql-custom/lib
PKGLIBDIR = /usr/pgsql-custom/lib
LOCALEDIR = /usr/pgsql-custom/share/locale
MANDIR = /usr/pgsql-custom/share/man
SHAREDIR = /usr/pgsql-custom/share
SYSCONFDIR = /etc/sysconfig/pgsql
PGXS = /usr/pgsql-custom/lib/pgxs/src/makefiles/pgxs.mk
CONFIGURE =  '--enable-rpath' '--prefix=/usr/pgsql-custom' '--includedir=/usr/pgsql-custom/include' '--mandir=/usr/pgsql-custom/share/man' '--datadir=/usr/pgsql-custom/share' '--libdir=/usr/pgsql-custom/lib' '--with-icu' '--with-llvm' '--with-perl' '--with-python' '--with-tcl' '--with-tclconfig=/usr/lib64' '--with-openssl' '--with-pam' '--with-gssapi' '--with-includes=/usr/include' '--with-libraries=/usr/lib64' '--enable-nls' '--enable-dtrace' '--with-uuid=e2fs' '--with-libxml' '--with-libxslt' '--with-ldap' '--with-selinux' '--with-systemd' '--with-system-tzdata=/usr/share/zoneinfo' '--sysconfdir=/etc/sysconfig/pgsql' '--docdir=/usr/pgsql-custom/doc' '--htmldir=/usr/pgsql-custom/doc/html' 'CFLAGS=-O2 -g -pipe -Wall -Werror=format-security -Wp,-D_FORTIFY_SOURCE=2 -Wp,-D_GLIBCXX_ASSERTIONS -fexceptions -fstack-protector-strong -grecord-gcc-switches -specs=/usr/lib/rpm/redhat/redhat-hardened-cc1 -specs=/usr/lib/rpm/redhat/redhat-annobin-cc1 -m64 -mtune=generic -fasynchronous-unwind-tables -fstack-clash-protection -fcf-protection' 'LDFLAGS=-Wl,--as-needed' 'LLVM_CONFIG=/usr/bin/llvm-config-64' 'CLANG=/usr/bin/clang' 'PKG_CONFIG_PATH=:/usr/lib64/pkgconfig:/usr/share/pkgconfig' 'PYTHON=/usr/bin/python3' 'CPPFLAGS=-D_GNU_SOURCE -I/usr/include/libxml2 -I/usr/include'
CC = gcc
CPPFLAGS = -D_GNU_SOURCE -I/usr/include/libxml2 -I/usr/include -D_GNU_SOURCE -I/usr/include/libxml2 -I/usr/include
CFLAGS = -Wall -Wmissing-prototypes -Wpointer-arith -Wdeclaration-after-statement -Werror=vla -Wendif-labels -Wmissing-format-attribute -Wformat-security -fno-strict-aliasing -fwrapv -fexcess-precision=standard -Wno-format-truncation -Wno-stringop-truncation -O2 -g -pipe -Wall -Werror=format-security -Wp,-D_FORTIFY_SOURCE=2 -Wp,-D_GLIBCXX_ASSERTIONS -fexceptions -fstack-protector-strong -grecord-gcc-switches -specs=/usr/lib/rpm/redhat/redhat-hardened-cc1 -specs=/usr/lib/rpm/redhat/redhat-annobin-cc1 -m64 -mtune=generic -fasynchronous-unwind-tables -fstack-clash-protection -fcf-protection
CFLAGS_SL = -fPIC
LDFLAGS = -Wl,--as-needed -L/usr/lib64 -L/usr/lib64 -Wl,--as-needed -Wl,-rpath,'/usr/pgsql-custom/lib',--enable-new-dtags
LDFLAGS_EX = 
LDFLAGS_SL = 
LIBS = -lpgcommon -lpgport -lpthread -lselinux -lxslt -lxml2 -lpam -lssl -lcrypto -lgssapi_krb5 -lz -lreadline -lrt -ldl -lm 
VERSION = PostgreSQL 13devel
